c:\users\ganna\desktop\3rd year\assembly\playfair ciphire\debug\main.obj
c:\users\ganna\desktop\3rd year\assembly\playfair ciphire\debug\project.pdb
c:\users\ganna\desktop\3rd year\assembly\playfair ciphire\debug\project.tlog\link.10164.delete.1.tlog
c:\users\ganna\desktop\3rd year\assembly\playfair ciphire\debug\project.tlog\link.10184.delete.1.tlog
c:\users\ganna\desktop\3rd year\assembly\playfair ciphire\debug\project.tlog\link.10404.delete.1.tlog
c:\users\ganna\desktop\3rd year\assembly\playfair ciphire\debug\project.tlog\link.10568.delete.1.tlog
c:\users\ganna\desktop\3rd year\assembly\playfair ciphire\debug\project.tlog\link.10612.delete.1.tlog
c:\users\ganna\desktop\3rd year\assembly\playfair ciphire\debug\project.tlog\link.10620.delete.1.tlog
c:\users\ganna\desktop\3rd year\assembly\playfair ciphire\debug\project.tlog\link.10628.delete.1.tlog
c:\users\ganna\desktop\3rd year\assembly\playfair ciphire\debug\project.tlog\link.10720.delete.1.tlog
c:\users\ganna\desktop\3rd year\assembly\playfair ciphire\debug\project.tlog\link.10820.delete.1.tlog
c:\users\ganna\desktop\3rd year\assembly\playfair ciphire\debug\project.tlog\link.10868.delete.1.tlog
c:\users\ganna\desktop\3rd year\assembly\playfair ciphire\debug\project.tlog\link.11096.delete.1.tlog
c:\users\ganna\desktop\3rd year\assembly\playfair ciphire\debug\project.tlog\link.11120.delete.1.tlog
c:\users\ganna\desktop\3rd year\assembly\playfair ciphire\debug\project.tlog\link.11440.delete.1.tlog
c:\users\ganna\desktop\3rd year\assembly\playfair ciphire\debug\project.tlog\link.11716.delete.1.tlog
c:\users\ganna\desktop\3rd year\assembly\playfair ciphire\debug\project.tlog\link.11744.delete.1.tlog
c:\users\ganna\desktop\3rd year\assembly\playfair ciphire\debug\project.tlog\link.11816.delete.1.tlog
c:\users\ganna\desktop\3rd year\assembly\playfair ciphire\debug\project.tlog\link.12260.delete.1.tlog
c:\users\ganna\desktop\3rd year\assembly\playfair ciphire\debug\project.tlog\link.12740.delete.1.tlog
c:\users\ganna\desktop\3rd year\assembly\playfair ciphire\debug\project.tlog\link.12828.delete.1.tlog
c:\users\ganna\desktop\3rd year\assembly\playfair ciphire\debug\project.tlog\link.12832.delete.1.tlog
c:\users\ganna\desktop\3rd year\assembly\playfair ciphire\debug\project.tlog\link.12916.delete.1.tlog
c:\users\ganna\desktop\3rd year\assembly\playfair ciphire\debug\project.tlog\link.12960.delete.1.tlog
c:\users\ganna\desktop\3rd year\assembly\playfair ciphire\debug\project.tlog\link.12992.delete.1.tlog
c:\users\ganna\desktop\3rd year\assembly\playfair ciphire\debug\project.tlog\link.13032.delete.1.tlog
c:\users\ganna\desktop\3rd year\assembly\playfair ciphire\debug\project.tlog\link.13196.delete.1.tlog
c:\users\ganna\desktop\3rd year\assembly\playfair ciphire\debug\project.tlog\link.13308.delete.1.tlog
c:\users\ganna\desktop\3rd year\assembly\playfair ciphire\debug\project.tlog\link.13332.delete.1.tlog
c:\users\ganna\desktop\3rd year\assembly\playfair ciphire\debug\project.tlog\link.13352.delete.1.tlog
c:\users\ganna\desktop\3rd year\assembly\playfair ciphire\debug\project.tlog\link.13424.delete.1.tlog
c:\users\ganna\desktop\3rd year\assembly\playfair ciphire\debug\project.tlog\link.13456.delete.1.tlog
c:\users\ganna\desktop\3rd year\assembly\playfair ciphire\debug\project.tlog\link.13712.delete.1.tlog
c:\users\ganna\desktop\3rd year\assembly\playfair ciphire\debug\project.tlog\link.13812.delete.1.tlog
c:\users\ganna\desktop\3rd year\assembly\playfair ciphire\debug\project.tlog\link.14088.delete.1.tlog
c:\users\ganna\desktop\3rd year\assembly\playfair ciphire\debug\project.tlog\link.14196.delete.1.tlog
c:\users\ganna\desktop\3rd year\assembly\playfair ciphire\debug\project.tlog\link.14204.delete.1.tlog
c:\users\ganna\desktop\3rd year\assembly\playfair ciphire\debug\project.tlog\link.14268.delete.1.tlog
c:\users\ganna\desktop\3rd year\assembly\playfair ciphire\debug\project.tlog\link.1528.delete.1.tlog
c:\users\ganna\desktop\3rd year\assembly\playfair ciphire\debug\project.tlog\link.1620.delete.1.tlog
c:\users\ganna\desktop\3rd year\assembly\playfair ciphire\debug\project.tlog\link.1996.delete.1.tlog
c:\users\ganna\desktop\3rd year\assembly\playfair ciphire\debug\project.tlog\link.2080.delete.1.tlog
c:\users\ganna\desktop\3rd year\assembly\playfair ciphire\debug\project.tlog\link.2096.delete.1.tlog
c:\users\ganna\desktop\3rd year\assembly\playfair ciphire\debug\project.tlog\link.2136.delete.1.tlog
c:\users\ganna\desktop\3rd year\assembly\playfair ciphire\debug\project.tlog\link.2632.delete.1.tlog
c:\users\ganna\desktop\3rd year\assembly\playfair ciphire\debug\project.tlog\link.2756.delete.1.tlog
c:\users\ganna\desktop\3rd year\assembly\playfair ciphire\debug\project.tlog\link.2780.delete.1.tlog
c:\users\ganna\desktop\3rd year\assembly\playfair ciphire\debug\project.tlog\link.2828.delete.1.tlog
c:\users\ganna\desktop\3rd year\assembly\playfair ciphire\debug\project.tlog\link.2848.delete.1.tlog
c:\users\ganna\desktop\3rd year\assembly\playfair ciphire\debug\project.tlog\link.2864.delete.1.tlog
c:\users\ganna\desktop\3rd year\assembly\playfair ciphire\debug\project.tlog\link.2888.delete.1.tlog
c:\users\ganna\desktop\3rd year\assembly\playfair ciphire\debug\project.tlog\link.2896.delete.1.tlog
c:\users\ganna\desktop\3rd year\assembly\playfair ciphire\debug\project.tlog\link.3144.delete.1.tlog
c:\users\ganna\desktop\3rd year\assembly\playfair ciphire\debug\project.tlog\link.3288.delete.1.tlog
c:\users\ganna\desktop\3rd year\assembly\playfair ciphire\debug\project.tlog\link.3336.delete.1.tlog
c:\users\ganna\desktop\3rd year\assembly\playfair ciphire\debug\project.tlog\link.3692.delete.1.tlog
c:\users\ganna\desktop\3rd year\assembly\playfair ciphire\debug\project.tlog\link.3984.delete.1.tlog
c:\users\ganna\desktop\3rd year\assembly\playfair ciphire\debug\project.tlog\link.4216.delete.1.tlog
c:\users\ganna\desktop\3rd year\assembly\playfair ciphire\debug\project.tlog\link.4464.delete.1.tlog
c:\users\ganna\desktop\3rd year\assembly\playfair ciphire\debug\project.tlog\link.4552.delete.1.tlog
c:\users\ganna\desktop\3rd year\assembly\playfair ciphire\debug\project.tlog\link.4616.delete.1.tlog
c:\users\ganna\desktop\3rd year\assembly\playfair ciphire\debug\project.tlog\link.488.delete.1.tlog
c:\users\ganna\desktop\3rd year\assembly\playfair ciphire\debug\project.tlog\link.5092.delete.1.tlog
c:\users\ganna\desktop\3rd year\assembly\playfair ciphire\debug\project.tlog\link.516.delete.1.tlog
c:\users\ganna\desktop\3rd year\assembly\playfair ciphire\debug\project.tlog\link.5392.delete.1.tlog
c:\users\ganna\desktop\3rd year\assembly\playfair ciphire\debug\project.tlog\link.5760.delete.1.tlog
c:\users\ganna\desktop\3rd year\assembly\playfair ciphire\debug\project.tlog\link.5780.delete.1.tlog
c:\users\ganna\desktop\3rd year\assembly\playfair ciphire\debug\project.tlog\link.6196.delete.1.tlog
c:\users\ganna\desktop\3rd year\assembly\playfair ciphire\debug\project.tlog\link.6344.delete.1.tlog
c:\users\ganna\desktop\3rd year\assembly\playfair ciphire\debug\project.tlog\link.6380.delete.1.tlog
c:\users\ganna\desktop\3rd year\assembly\playfair ciphire\debug\project.tlog\link.6420.delete.1.tlog
c:\users\ganna\desktop\3rd year\assembly\playfair ciphire\debug\project.tlog\link.6456.delete.1.tlog
c:\users\ganna\desktop\3rd year\assembly\playfair ciphire\debug\project.tlog\link.6892.delete.1.tlog
c:\users\ganna\desktop\3rd year\assembly\playfair ciphire\debug\project.tlog\link.6956.delete.1.tlog
c:\users\ganna\desktop\3rd year\assembly\playfair ciphire\debug\project.tlog\link.7052-cvtres.read.1.tlog
c:\users\ganna\desktop\3rd year\assembly\playfair ciphire\debug\project.tlog\link.7052-cvtres.write.1.tlog
c:\users\ganna\desktop\3rd year\assembly\playfair ciphire\debug\project.tlog\link.7052-rc.read.1.tlog
c:\users\ganna\desktop\3rd year\assembly\playfair ciphire\debug\project.tlog\link.7052-rc.write.1.tlog
c:\users\ganna\desktop\3rd year\assembly\playfair ciphire\debug\project.tlog\link.7052.read.1.tlog
c:\users\ganna\desktop\3rd year\assembly\playfair ciphire\debug\project.tlog\link.7052.write.1.tlog
c:\users\ganna\desktop\3rd year\assembly\playfair ciphire\debug\project.tlog\link.7572.delete.1.tlog
c:\users\ganna\desktop\3rd year\assembly\playfair ciphire\debug\project.tlog\link.7644.delete.1.tlog
c:\users\ganna\desktop\3rd year\assembly\playfair ciphire\debug\project.tlog\link.7664.delete.1.tlog
c:\users\ganna\desktop\3rd year\assembly\playfair ciphire\debug\project.tlog\link.7716.delete.1.tlog
c:\users\ganna\desktop\3rd year\assembly\playfair ciphire\debug\project.tlog\link.7812.delete.1.tlog
c:\users\ganna\desktop\3rd year\assembly\playfair ciphire\debug\project.tlog\link.7844.delete.1.tlog
c:\users\ganna\desktop\3rd year\assembly\playfair ciphire\debug\project.tlog\link.7848.delete.1.tlog
c:\users\ganna\desktop\3rd year\assembly\playfair ciphire\debug\project.tlog\link.7896.delete.1.tlog
c:\users\ganna\desktop\3rd year\assembly\playfair ciphire\debug\project.tlog\link.8108.delete.1.tlog
c:\users\ganna\desktop\3rd year\assembly\playfair ciphire\debug\project.tlog\link.8128.delete.1.tlog
c:\users\ganna\desktop\3rd year\assembly\playfair ciphire\debug\project.tlog\link.8416.delete.1.tlog
c:\users\ganna\desktop\3rd year\assembly\playfair ciphire\debug\project.tlog\link.892.delete.1.tlog
c:\users\ganna\desktop\3rd year\assembly\playfair ciphire\debug\project.tlog\link.9092.delete.1.tlog
c:\users\ganna\desktop\3rd year\assembly\playfair ciphire\debug\project.tlog\link.9144.delete.1.tlog
c:\users\ganna\desktop\3rd year\assembly\playfair ciphire\debug\project.tlog\link.9348.delete.1.tlog
c:\users\ganna\desktop\3rd year\assembly\playfair ciphire\debug\project.tlog\link.9560.delete.1.tlog
c:\users\ganna\desktop\3rd year\assembly\playfair ciphire\debug\project.tlog\link.command.1.tlog
c:\users\ganna\desktop\3rd year\assembly\playfair ciphire\debug\project.tlog\link.delete.1.tlog
c:\users\ganna\desktop\3rd year\assembly\playfair ciphire\debug\project.tlog\link.read.1.tlog
c:\users\ganna\desktop\3rd year\assembly\playfair ciphire\debug\project.tlog\link.write.1.tlog
c:\users\ganna\desktop\3rd year\assembly\playfair ciphire\debug\project.tlog\masm.read.1u.tlog
c:\users\ganna\desktop\3rd year\assembly\playfair ciphire\debug\project.tlog\masm.write.1u.tlog
